[INFO] Scanning for projects...
[INFO] 
[INFO] -------------------< cs.msu.edu:csci-468-spring2022 >-------------------
[INFO] Building csci-468-spring2022 1.0-SNAPSHOT
[INFO]   from pom.xml
[INFO] --------------------------------[ jar ]---------------------------------
[INFO] 
[INFO] --- resources:3.3.1:resources (default-resources) @ csci-468-spring2022 ---
[WARNING] Using platform encoding (UTF-8 actually) to copy filtered resources, i.e. build is platform dependent!
[INFO] Copying 5 resources from src/main/resources to target/classes
[INFO] 
[INFO] --- compiler:3.1:compile (default-compile) @ csci-468-spring2022 ---
[INFO] Changes detected - recompiling the module!
[WARNING] File encoding has not been set, using platform encoding UTF-8, i.e. build is platform dependent!
[INFO] Compiling 47 source files to /Users/carson/Projects/msu/classes/current/csci-468-spring2025-wrong/grading/scripts/repos/lucas_bega/target/classes
[WARNING] /Users/carson/Projects/msu/classes/current/csci-468-spring2025-wrong/grading/scripts/repos/lucas_bega/src/main/java/edu/montana/csci/csci468/bytecode/MethodGenerator.java: /Users/carson/Projects/msu/classes/current/csci-468-spring2025-wrong/grading/scripts/repos/lucas_bega/src/main/java/edu/montana/csci/csci468/bytecode/MethodGenerator.java uses or overrides a deprecated API.
[WARNING] /Users/carson/Projects/msu/classes/current/csci-468-spring2025-wrong/grading/scripts/repos/lucas_bega/src/main/java/edu/montana/csci/csci468/bytecode/MethodGenerator.java: Recompile with -Xlint:deprecation for details.
[WARNING] /Users/carson/Projects/msu/classes/current/csci-468-spring2025-wrong/grading/scripts/repos/lucas_bega/src/main/java/edu/montana/csci/csci468/parser/CatscriptType.java: Some input files use unchecked or unsafe operations.
[WARNING] /Users/carson/Projects/msu/classes/current/csci-468-spring2025-wrong/grading/scripts/repos/lucas_bega/src/main/java/edu/montana/csci/csci468/parser/CatscriptType.java: Recompile with -Xlint:unchecked for details.
[INFO] 
[INFO] --- resources:3.3.1:testResources (default-testResources) @ csci-468-spring2022 ---
[WARNING] Using platform encoding (UTF-8 actually) to copy filtered resources, i.e. build is platform dependent!
[INFO] skip non existing resourceDirectory /Users/carson/Projects/msu/classes/current/csci-468-spring2025-wrong/grading/scripts/repos/lucas_bega/src/test/resources
[INFO] 
[INFO] --- compiler:3.1:testCompile (default-testCompile) @ csci-468-spring2022 ---
[INFO] Changes detected - recompiling the module!
[WARNING] File encoding has not been set, using platform encoding UTF-8, i.e. build is platform dependent!
[INFO] Compiling 29 source files to /Users/carson/Projects/msu/classes/current/csci-468-spring2025-wrong/grading/scripts/repos/lucas_bega/target/test-classes
[WARNING] /Users/carson/Projects/msu/classes/current/csci-468-spring2025-wrong/grading/scripts/repos/lucas_bega/src/test/java/edu/montana/csci/csci468/CatscriptTestBase.java: Some input files use unchecked or unsafe operations.
[WARNING] /Users/carson/Projects/msu/classes/current/csci-468-spring2025-wrong/grading/scripts/repos/lucas_bega/src/test/java/edu/montana/csci/csci468/CatscriptTestBase.java: Recompile with -Xlint:unchecked for details.
[INFO] 
[INFO] --- surefire:2.22.1:test (default-test) @ csci-468-spring2022 ---
[INFO] 
[INFO] -------------------------------------------------------
[INFO]  T E S T S
[INFO] -------------------------------------------------------
[INFO] Running edu.montana.csci.csci468.parser.CatscriptParserStatementsTest
[ERROR] Tests run: 21, Failures: 0, Errors: 19, Skipped: 0, Time elapsed: 0.041 s <<< FAILURE! - in edu.montana.csci.csci468.parser.CatscriptParserStatementsTest
[ERROR] functionDefStatement  Time elapsed: 0.018 s  <<< ERROR!
edu.montana.csci.csci468.parser.ParseErrorException: 
Parse Errors Occurred:

Line 1: function x() {}
       ^

Error: Unexpected Token

Line 1: function x() {}
                ^

Error: Unexpected Token

Line 1: function x() {}
                 ^

Error: Unexpected Token

Line 1: function x() {}
                  ^

Error: Unexpected Token

Line 1: function x() {}
                    ^

Error: Unexpected Token

Line 1: function x() {}
                     ^

Error: Unexpected Token


	at edu.montana.csci.csci468.parser.CatscriptParserStatementsTest.functionDefStatement(CatscriptParserStatementsTest.java:144)

[ERROR] functionCallStatement  Time elapsed: 0.001 s  <<< ERROR!
java.lang.ClassCastException: class edu.montana.csci.csci468.parser.statements.SyntaxErrorStatement cannot be cast to class edu.montana.csci.csci468.parser.statements.FunctionCallStatement (edu.montana.csci.csci468.parser.statements.SyntaxErrorStatement and edu.montana.csci.csci468.parser.statements.FunctionCallStatement are in unnamed module of loader 'app')
	at edu.montana.csci.csci468.parser.CatscriptParserStatementsTest.functionCallStatement(CatscriptParserStatementsTest.java:136)

[ERROR] functionDefWithParamsStatement  Time elapsed: 0.001 s  <<< ERROR!
edu.montana.csci.csci468.parser.ParseErrorException: 
Parse Errors Occurred:

Line 1: function x(a, b, c) {}
       ^

Error: Unexpected Token

Line 1: function x(a, b, c) {}
                ^

Error: Unexpected Token

Line 1: function x(a, b, c) {}
                 ^

Error: Unexpected Token

Line 1: function x(a, b, c) {}
                  ^

Error: Unexpected Token

Line 1: function x(a, b, c) {}
                   ^

Error: Unexpected Token

Line 1: function x(a, b, c) {}
                     ^

Error: Unexpected Token

Line 1: function x(a, b, c) {}
                      ^

Error: Unexpected Token

Line 1: function x(a, b, c) {}
                        ^

Error: Unexpected Token

Line 1: function x(a, b, c) {}
                         ^

Error: Unexpected Token

Line 1: function x(a, b, c) {}
                           ^

Error: Unexpected Token

Line 1: function x(a, b, c) {}
                            ^

Error: Unexpected Token


	at edu.montana.csci.csci468.parser.CatscriptParserStatementsTest.functionDefWithParamsStatement(CatscriptParserStatementsTest.java:152)

[ERROR] varStatementWithListType  Time elapsed: 0.001 s  <<< ERROR!
edu.montana.csci.csci468.parser.ParseErrorException: 
Parse Errors Occurred:

Line 1: var x : list<int> = [1, 2, 3]
       ^

Error: Unexpected Token

Line 1: var x : list<int> = [1, 2, 3]
           ^

Error: Unexpected Token

Line 1: var x : list<int> = [1, 2, 3]
             ^

Error: Unexpected Token

Line 1: var x : list<int> = [1, 2, 3]
               ^

Error: Unexpected Token

Line 1: var x : list<int> = [1, 2, 3]
                   ^

Error: Unexpected Token

Line 1: var x : list<int> = [1, 2, 3]
                    ^

Error: Unexpected Token

Line 1: var x : list<int> = [1, 2, 3]
                       ^

Error: Unexpected Token

Line 1: var x : list<int> = [1, 2, 3]
                         ^

Error: Unexpected Token

Line 1: var x : list<int> = [1, 2, 3]
                           ^

Error: Unexpected Token

Line 1: var x : list<int> = [1, 2, 3]
                            ^

Error: Unexpected Token

Line 1: var x : list<int> = [1, 2, 3]
                             ^

Error: Unexpected Token

Line 1: var x : list<int> = [1, 2, 3]
                               ^

Error: Unexpected Token

Line 1: var x : list<int> = [1, 2, 3]
                                ^

Error: Unexpected Token

Line 1: var x : list<int> = [1, 2, 3]
                                  ^

Error: Unexpected Token

Line 1: var x : list<int> = [1, 2, 3]
                                   ^

Error: Unexpected Token


	at edu.montana.csci.csci468.parser.CatscriptParserStatementsTest.varStatementWithListType(CatscriptParserStatementsTest.java:119)

[ERROR] ifStatementParses  Time elapsed: 0.001 s  <<< ERROR!
java.lang.ClassCastException: class edu.montana.csci.csci468.parser.statements.SyntaxErrorStatement cannot be cast to class edu.montana.csci.csci468.parser.statements.IfStatement (edu.montana.csci.csci468.parser.statements.SyntaxErrorStatement and edu.montana.csci.csci468.parser.statements.IfStatement are in unnamed module of loader 'app')
	at edu.montana.csci.csci468.parser.CatscriptParserStatementsTest.ifStatementParses(CatscriptParserStatementsTest.java:43)

[ERROR] ifStatementWithElseParses  Time elapsed: 0.001 s  <<< ERROR!
java.lang.ClassCastException: class edu.montana.csci.csci468.parser.statements.SyntaxErrorStatement cannot be cast to class edu.montana.csci.csci468.parser.statements.IfStatement (edu.montana.csci.csci468.parser.statements.SyntaxErrorStatement and edu.montana.csci.csci468.parser.statements.IfStatement are in unnamed module of loader 'app')
	at edu.montana.csci.csci468.parser.CatscriptParserStatementsTest.ifStatementWithElseParses(CatscriptParserStatementsTest.java:59)

[ERROR] ifStatementEnsuresClosingBrace  Time elapsed: 0.001 s  <<< ERROR!
java.lang.ClassCastException: class edu.montana.csci.csci468.parser.statements.SyntaxErrorStatement cannot be cast to class edu.montana.csci.csci468.parser.statements.IfStatement (edu.montana.csci.csci468.parser.statements.SyntaxErrorStatement and edu.montana.csci.csci468.parser.statements.IfStatement are in unnamed module of loader 'app')
	at edu.montana.csci.csci468.parser.CatscriptParserStatementsTest.ifStatementEnsuresClosingBrace(CatscriptParserStatementsTest.java:52)

[ERROR] varStatementWithBoolType  Time elapsed: 0 s  <<< ERROR!
edu.montana.csci.csci468.parser.ParseErrorException: 
Parse Errors Occurred:

Line 1: var x : bool = true
       ^

Error: Unexpected Token

Line 1: var x : bool = true
           ^

Error: Unexpected Token

Line 1: var x : bool = true
             ^

Error: Unexpected Token

Line 1: var x : bool = true
               ^

Error: Unexpected Token

Line 1: var x : bool = true
                    ^

Error: Unexpected Token

Line 1: var x : bool = true
                      ^

Error: Unexpected Token


	at edu.montana.csci.csci468.parser.CatscriptParserStatementsTest.varStatementWithBoolType(CatscriptParserStatementsTest.java:92)

[ERROR] varStatementWithStringType  Time elapsed: 0 s  <<< ERROR!
edu.montana.csci.csci468.parser.ParseErrorException: 
Parse Errors Occurred:

Line 1: var x : string = ""
       ^

Error: Unexpected Token

Line 1: var x : string = ""
           ^

Error: Unexpected Token

Line 1: var x : string = ""
             ^

Error: Unexpected Token

Line 1: var x : string = ""
               ^

Error: Unexpected Token

Line 1: var x : string = ""
                      ^

Error: Unexpected Token

Line 1: var x : string = ""
                        ^

Error: Unexpected Token


	at edu.montana.csci.csci468.parser.CatscriptParserStatementsTest.varStatementWithStringType(CatscriptParserStatementsTest.java:101)

[ERROR] varStatementWithImplicitType  Time elapsed: 0.001 s  <<< ERROR!
edu.montana.csci.csci468.parser.ParseErrorException: 
Parse Errors Occurred:

Line 1: var x = 10
       ^

Error: Unexpected Token

Line 1: var x = 10
           ^

Error: Unexpected Token

Line 1: var x = 10
             ^

Error: Unexpected Token

Line 1: var x = 10
               ^

Error: Unexpected Token


	at edu.montana.csci.csci468.parser.CatscriptParserStatementsTest.varStatementWithImplicitType(CatscriptParserStatementsTest.java:75)

[ERROR] forStatementEnsuresClosingBrace  Time elapsed: 0.001 s  <<< ERROR!
java.lang.ClassCastException: class edu.montana.csci.csci468.parser.statements.SyntaxErrorStatement cannot be cast to class edu.montana.csci.csci468.parser.statements.ForStatement (edu.montana.csci.csci468.parser.statements.SyntaxErrorStatement and edu.montana.csci.csci468.parser.statements.ForStatement are in unnamed module of loader 'app')
	at edu.montana.csci.csci468.parser.CatscriptParserStatementsTest.forStatementEnsuresClosingBrace(CatscriptParserStatementsTest.java:36)

[ERROR] assigmentStatement  Time elapsed: 0.001 s  <<< ERROR!
java.lang.ClassCastException: class edu.montana.csci.csci468.parser.statements.SyntaxErrorStatement cannot be cast to class edu.montana.csci.csci468.parser.statements.AssignmentStatement (edu.montana.csci.csci468.parser.statements.SyntaxErrorStatement and edu.montana.csci.csci468.parser.statements.AssignmentStatement are in unnamed module of loader 'app')
	at edu.montana.csci.csci468.parser.CatscriptParserStatementsTest.assigmentStatement(CatscriptParserStatementsTest.java:128)

[ERROR] functionDefWithParamTypesStatement  Time elapsed: 0.001 s  <<< ERROR!
edu.montana.csci.csci468.parser.ParseErrorException: 
Parse Errors Occurred:

Line 1: function x(a : object, b : int, c : bool) {}
       ^

Error: Unexpected Token

Line 1: function x(a : object, b : int, c : bool) {}
                ^

Error: Unexpected Token

Line 1: function x(a : object, b : int, c : bool) {}
                 ^

Error: Unexpected Token

Line 1: function x(a : object, b : int, c : bool) {}
                  ^

Error: Unexpected Token

Line 1: function x(a : object, b : int, c : bool) {}
                    ^

Error: Unexpected Token

Line 1: function x(a : object, b : int, c : bool) {}
                      ^

Error: Unexpected Token

Line 1: function x(a : object, b : int, c : bool) {}
                            ^

Error: Unexpected Token

Line 1: function x(a : object, b : int, c : bool) {}
                              ^

Error: Unexpected Token

Line 1: function x(a : object, b : int, c : bool) {}
                                ^

Error: Unexpected Token

Line 1: function x(a : object, b : int, c : bool) {}
                                  ^

Error: Unexpected Token

Line 1: function x(a : object, b : int, c : bool) {}
                                     ^

Error: Unexpected Token

Line 1: function x(a : object, b : int, c : bool) {}
                                       ^

Error: Unexpected Token

Line 1: function x(a : object, b : int, c : bool) {}
                                         ^

Error: Unexpected Token

Line 1: function x(a : object, b : int, c : bool) {}
                                           ^

Error: Unexpected Token

Line 1: function x(a : object, b : int, c : bool) {}
                                               ^

Error: Unexpected Token

Line 1: function x(a : object, b : int, c : bool) {}
                                                 ^

Error: Unexpected Token

Line 1: function x(a : object, b : int, c : bool) {}
                                                  ^

Error: Unexpected Token


	at edu.montana.csci.csci468.parser.CatscriptParserStatementsTest.functionDefWithParamTypesStatement(CatscriptParserStatementsTest.java:166)

[ERROR] elseStatementEnsuresClosingBrace  Time elapsed: 0 s  <<< ERROR!
java.lang.ClassCastException: class edu.montana.csci.csci468.parser.statements.SyntaxErrorStatement cannot be cast to class edu.montana.csci.csci468.parser.statements.IfStatement (edu.montana.csci.csci468.parser.statements.SyntaxErrorStatement and edu.montana.csci.csci468.parser.statements.IfStatement are in unnamed module of loader 'app')
	at edu.montana.csci.csci468.parser.CatscriptParserStatementsTest.elseStatementEnsuresClosingBrace(CatscriptParserStatementsTest.java:68)

[ERROR] returnStatementNoExprInFunction  Time elapsed: 0 s  <<< ERROR!
edu.montana.csci.csci468.parser.ParseErrorException: 
Parse Errors Occurred:

Line 1: function x() {return}
       ^

Error: Unexpected Token

Line 1: function x() {return}
                ^

Error: Unexpected Token

Line 1: function x() {return}
                 ^

Error: Unexpected Token

Line 1: function x() {return}
                  ^

Error: Unexpected Token

Line 1: function x() {return}
                    ^

Error: Unexpected Token

Line 1: function x() {return}
                     ^

Error: Unexpected Token

Line 1: function x() {return}
                           ^

Error: Unexpected Token


	at edu.montana.csci.csci468.parser.CatscriptParserStatementsTest.returnStatementNoExprInFunction(CatscriptParserStatementsTest.java:180)

[ERROR] varStatementWithIntType  Time elapsed: 0.001 s  <<< ERROR!
edu.montana.csci.csci468.parser.ParseErrorException: 
Parse Errors Occurred:

Line 1: var x : int = 10
       ^

Error: Unexpected Token

Line 1: var x : int = 10
           ^

Error: Unexpected Token

Line 1: var x : int = 10
             ^

Error: Unexpected Token

Line 1: var x : int = 10
               ^

Error: Unexpected Token

Line 1: var x : int = 10
                   ^

Error: Unexpected Token

Line 1: var x : int = 10
                     ^

Error: Unexpected Token


	at edu.montana.csci.csci468.parser.CatscriptParserStatementsTest.varStatementWithIntType(CatscriptParserStatementsTest.java:83)

[ERROR] returnStatementExprInFunction  Time elapsed: 0 s  <<< ERROR!
edu.montana.csci.csci468.parser.ParseErrorException: 
Parse Errors Occurred:

Line 1: function x() : int {return 10}
       ^

Error: Unexpected Token

Line 1: function x() : int {return 10}
                ^

Error: Unexpected Token

Line 1: function x() : int {return 10}
                 ^

Error: Unexpected Token

Line 1: function x() : int {return 10}
                  ^

Error: Unexpected Token

Line 1: function x() : int {return 10}
                    ^

Error: Unexpected Token

Line 1: function x() : int {return 10}
                      ^

Error: Unexpected Token

Line 1: function x() : int {return 10}
                          ^

Error: Unexpected Token

Line 1: function x() : int {return 10}
                           ^

Error: Unexpected Token

Line 1: function x() : int {return 10}
                                  ^

Error: Unexpected Token

Line 1: function x() : int {return 10}
                                    ^

Error: Unexpected Token


	at edu.montana.csci.csci468.parser.CatscriptParserStatementsTest.returnStatementExprInFunction(CatscriptParserStatementsTest.java:189)

[ERROR] varStatementWithObjectType  Time elapsed: 0 s  <<< ERROR!
edu.montana.csci.csci468.parser.ParseErrorException: 
Parse Errors Occurred:

Line 1: var x : object = ""
       ^

Error: Unexpected Token

Line 1: var x : object = ""
           ^

Error: Unexpected Token

Line 1: var x : object = ""
             ^

Error: Unexpected Token

Line 1: var x : object = ""
               ^

Error: Unexpected Token

Line 1: var x : object = ""
                      ^

Error: Unexpected Token

Line 1: var x : object = ""
                        ^

Error: Unexpected Token


	at edu.montana.csci.csci468.parser.CatscriptParserStatementsTest.varStatementWithObjectType(CatscriptParserStatementsTest.java:110)

[ERROR] forStatementParses  Time elapsed: 0.001 s  <<< ERROR!
edu.montana.csci.csci468.parser.ParseErrorException: 
Parse Errors Occurred:

Line 1: for(x in [1, 2, 3]){ print(x) }
       ^

Error: Unexpected Token

Line 1: for(x in [1, 2, 3]){ print(x) }
          ^

Error: Unexpected Token

Line 1: for(x in [1, 2, 3]){ print(x) }
           ^

Error: Unexpected Token

Line 1: for(x in [1, 2, 3]){ print(x) }
             ^

Error: Unexpected Token

Line 1: for(x in [1, 2, 3]){ print(x) }
                ^

Error: Unexpected Token

Line 1: for(x in [1, 2, 3]){ print(x) }
                 ^

Error: Unexpected Token

Line 1: for(x in [1, 2, 3]){ print(x) }
                  ^

Error: Unexpected Token

Line 1: for(x in [1, 2, 3]){ print(x) }
                    ^

Error: Unexpected Token

Line 1: for(x in [1, 2, 3]){ print(x) }
                     ^

Error: Unexpected Token

Line 1: for(x in [1, 2, 3]){ print(x) }
                       ^

Error: Unexpected Token

Line 1: for(x in [1, 2, 3]){ print(x) }
                        ^

Error: Unexpected Token

Line 1: for(x in [1, 2, 3]){ print(x) }
                         ^

Error: Unexpected Token

Line 1: for(x in [1, 2, 3]){ print(x) }
                          ^

Error: Unexpected Token

Line 1: for(x in [1, 2, 3]){ print(x) }
                                  ^

Error: This symbol is not defined

Line 1: for(x in [1, 2, 3]){ print(x) }
                                     ^

Error: Unexpected Token


	at edu.montana.csci.csci468.parser.CatscriptParserStatementsTest.forStatementParses(CatscriptParserStatementsTest.java:27)

[INFO] Running edu.montana.csci.csci468.parser.CatscriptParserTypeCheckingTest
[ERROR] Tests run: 11, Failures: 3, Errors: 3, Skipped: 0, Time elapsed: 0 s <<< FAILURE! - in edu.montana.csci.csci468.parser.CatscriptParserTypeCheckingTest
[ERROR] returnTypeError  Time elapsed: 0 s  <<< FAILURE!
org.opentest4j.AssertionFailedError: expected: <Incompatible types> but was: <Unexpected Token>
	at edu.montana.csci.csci468.parser.CatscriptParserTypeCheckingTest.returnTypeError(CatscriptParserTypeCheckingTest.java:83)

[ERROR] functionCallsWorkProperly  Time elapsed: 0 s  <<< ERROR!
edu.montana.csci.csci468.parser.ParseErrorException: 
Parse Errors Occurred:

Line 1: function x():int{return 10} print( x() )
       ^

Error: Unexpected Token

Line 1: function x():int{return 10} print( x() )
                ^

Error: Unexpected Token

Line 1: function x():int{return 10} print( x() )
                 ^

Error: Unexpected Token

Line 1: function x():int{return 10} print( x() )
                  ^

Error: Unexpected Token

Line 1: function x():int{return 10} print( x() )
                   ^

Error: Unexpected Token

Line 1: function x():int{return 10} print( x() )
                    ^

Error: Unexpected Token

Line 1: function x():int{return 10} print( x() )
                       ^

Error: Unexpected Token

Line 1: function x():int{return 10} print( x() )
                        ^

Error: Unexpected Token

Line 1: function x():int{return 10} print( x() )
                               ^

Error: Unexpected Token

Line 1: function x():int{return 10} print( x() )
                                 ^

Error: Unexpected Token

Line 1: function x():int{return 10} print( x() )
                                          ^

Error: This symbol is not defined


	at edu.montana.csci.csci468.parser.CatscriptParserTypeCheckingTest.functionCallsWorkProperly(CatscriptParserTypeCheckingTest.java:38)

[ERROR] identifiersWorkProperly  Time elapsed: 0 s  <<< ERROR!
edu.montana.csci.csci468.parser.ParseErrorException: 
Parse Errors Occurred:

Line 1: var x = 1 print( x )
       ^

Error: Unexpected Token

Line 1: var x = 1 print( x )
           ^

Error: Unexpected Token

Line 1: var x = 1 print( x )
             ^

Error: Unexpected Token

Line 1: var x = 1 print( x )
               ^

Error: Unexpected Token

Line 1: var x = 1 print( x )
                        ^

Error: This symbol is not defined


	at edu.montana.csci.csci468.parser.CatscriptParserTypeCheckingTest.identifiersWorkProperly(CatscriptParserTypeCheckingTest.java:32)

[ERROR] typeInferenceWorksForVars  Time elapsed: 0 s  <<< ERROR!
edu.montana.csci.csci468.parser.ParseErrorException: 
Parse Errors Occurred:

Line 1: var x = 10
       ^

Error: Unexpected Token

Line 1: var x = 10
           ^

Error: Unexpected Token

Line 1: var x = 10
             ^

Error: Unexpected Token

Line 1: var x = 10
               ^

Error: Unexpected Token


	at edu.montana.csci.csci468.parser.CatscriptParserTypeCheckingTest.typeInferenceWorksForVars(CatscriptParserTypeCheckingTest.java:44)

[ERROR] assignmentTypeError  Time elapsed: 0 s  <<< FAILURE!
org.opentest4j.AssertionFailedError: expected: <Incompatible types> but was: <Unexpected Token>
	at edu.montana.csci.csci468.parser.CatscriptParserTypeCheckingTest.assignmentTypeError(CatscriptParserTypeCheckingTest.java:55)

[ERROR] varTypeError  Time elapsed: 0 s  <<< FAILURE!
org.opentest4j.AssertionFailedError: expected: <Incompatible types> but was: <Unexpected Token>
	at edu.montana.csci.csci468.parser.CatscriptParserTypeCheckingTest.varTypeError(CatscriptParserTypeCheckingTest.java:50)

[INFO] Running edu.montana.csci.csci468.parser.CatscriptParserErrorsTest
[ERROR] Tests run: 3, Failures: 2, Errors: 0, Skipped: 0, Time elapsed: 0 s <<< FAILURE! - in edu.montana.csci.csci468.parser.CatscriptParserErrorsTest
[ERROR] returnCoverageErrorsWorks  Time elapsed: 0 s  <<< FAILURE!
org.opentest4j.AssertionFailedError: expected: <Missing return statement in function> but was: <Unexpected Token>
	at edu.montana.csci.csci468.parser.CatscriptParserErrorsTest.assertError(CatscriptParserErrorsTest.java:59)
	at edu.montana.csci.csci468.parser.CatscriptParserErrorsTest.returnCoverageErrorsWorks(CatscriptParserErrorsTest.java:27)

[ERROR] topLevelReturnStatementsAreAnError  Time elapsed: 0 s  <<< FAILURE!
org.opentest4j.AssertionFailedError: expected: <Return statements must be within a function> but was: <Unexpected Token>
	at edu.montana.csci.csci468.parser.CatscriptParserErrorsTest.assertError(CatscriptParserErrorsTest.java:59)
	at edu.montana.csci.csci468.parser.CatscriptParserErrorsTest.topLevelReturnStatementsAreAnError(CatscriptParserErrorsTest.java:47)

[INFO] Running edu.montana.csci.csci468.parser.CatscriptParserSymbolCheckingTest
[ERROR] Tests run: 8, Failures: 6, Errors: 2, Skipped: 0, Time elapsed: 0.001 s <<< FAILURE! - in edu.montana.csci.csci468.parser.CatscriptParserSymbolCheckingTest
[ERROR] paramsConflictWithGlobalVars  Time elapsed: 0 s  <<< FAILURE!
org.opentest4j.AssertionFailedError: expected: <This name is already used in this program> but was: <Unexpected Token>
	at edu.montana.csci.csci468.parser.CatscriptParserSymbolCheckingTest.paramsConflictWithGlobalVars(CatscriptParserSymbolCheckingTest.java:46)

[ERROR] ifStatementBranchesDoNotConflic  Time elapsed: 0 s  <<< ERROR!
edu.montana.csci.csci468.parser.ParseErrorException: 
Parse Errors Occurred:

Line 1: if(true){ var x = 10 } else { var x = true }
       ^

Error: Unexpected Token

Line 1: if(true){ var x = 10 } else { var x = true }
         ^

Error: Unexpected Token

Line 1: if(true){ var x = 10 } else { var x = true }
          ^

Error: Unexpected Token

Line 1: if(true){ var x = 10 } else { var x = true }
              ^

Error: Unexpected Token

Line 1: if(true){ var x = 10 } else { var x = true }
               ^

Error: Unexpected Token

Line 1: if(true){ var x = 10 } else { var x = true }
                 ^

Error: Unexpected Token

Line 1: if(true){ var x = 10 } else { var x = true }
                     ^

Error: Unexpected Token

Line 1: if(true){ var x = 10 } else { var x = true }
                       ^

Error: Unexpected Token

Line 1: if(true){ var x = 10 } else { var x = true }
                         ^

Error: Unexpected Token

Line 1: if(true){ var x = 10 } else { var x = true }
                            ^

Error: Unexpected Token

Line 1: if(true){ var x = 10 } else { var x = true }
                              ^

Error: Unexpected Token

Line 1: if(true){ var x = 10 } else { var x = true }
                                   ^

Error: Unexpected Token

Line 1: if(true){ var x = 10 } else { var x = true }
                                     ^

Error: Unexpected Token

Line 1: if(true){ var x = 10 } else { var x = true }
                                         ^

Error: Unexpected Token

Line 1: if(true){ var x = 10 } else { var x = true }
                                           ^

Error: Unexpected Token

Line 1: if(true){ var x = 10 } else { var x = true }
                                             ^

Error: Unexpected Token

Line 1: if(true){ var x = 10 } else { var x = true }
                                                  ^

Error: Unexpected Token


	at edu.montana.csci.csci468.parser.CatscriptParserSymbolCheckingTest.ifStatementBranchesDoNotConflic(CatscriptParserSymbolCheckingTest.java:59)

[ERROR] paramsDoNotConflictWithEachOther  Time elapsed: 0 s  <<< ERROR!
edu.montana.csci.csci468.parser.ParseErrorException: 
Parse Errors Occurred:

Line 1: function foo(x){ print(x) }
       ^

Error: Unexpected Token

Line 1: function foo(x){ print(x) }
                ^

Error: Unexpected Token

Line 1: function foo(x){ print(x) }
                   ^

Error: Unexpected Token

Line 1: function foo(x){ print(x) }
                    ^

Error: Unexpected Token

Line 1: function foo(x){ print(x) }
                     ^

Error: Unexpected Token

Line 1: function foo(x){ print(x) }
                      ^

Error: Unexpected Token

Line 1: function foo(x){ print(x) }
                              ^

Error: This symbol is not defined

Line 1: function foo(x){ print(x) }
                                 ^

Error: Unexpected Token

Line 2: function bar(x){ print(x) }
       ^

Error: Unexpected Token

Line 2: function bar(x){ print(x) }
                ^

Error: Unexpected Token

Line 2: function bar(x){ print(x) }
                   ^

Error: Unexpected Token

Line 2: function bar(x){ print(x) }
                    ^

Error: Unexpected Token

Line 2: function bar(x){ print(x) }
                     ^

Error: Unexpected Token

Line 2: function bar(x){ print(x) }
                      ^

Error: Unexpected Token

Line 2: function bar(x){ print(x) }
                              ^

Error: This symbol is not defined

Line 2: function bar(x){ print(x) }
                                 ^

Error: Unexpected Token


	at edu.montana.csci.csci468.parser.CatscriptParserSymbolCheckingTest.paramsDoNotConflictWithEachOther(CatscriptParserSymbolCheckingTest.java:52)

[ERROR] duplicateVarsErrors  Time elapsed: 0 s  <<< FAILURE!
org.opentest4j.AssertionFailedError: expected: <This name is already used in this program> but was: <Unexpected Token>
	at edu.montana.csci.csci468.parser.CatscriptParserSymbolCheckingTest.duplicateVarsErrors(CatscriptParserSymbolCheckingTest.java:16)

[ERROR] functionVarConflict  Time elapsed: 0 s  <<< FAILURE!
org.opentest4j.AssertionFailedError: expected: <This name is already used in this program> but was: <Unexpected Token>
	at edu.montana.csci.csci468.parser.CatscriptParserSymbolCheckingTest.functionVarConflict(CatscriptParserSymbolCheckingTest.java:28)

[ERROR] functionFunctionConflict  Time elapsed: 0 s  <<< FAILURE!
org.opentest4j.AssertionFailedError: expected: <This name is already used in this program> but was: <Unexpected Token>
	at edu.montana.csci.csci468.parser.CatscriptParserSymbolCheckingTest.functionFunctionConflict(CatscriptParserSymbolCheckingTest.java:34)

[ERROR] varFunctionConflict  Time elapsed: 0.001 s  <<< FAILURE!
org.opentest4j.AssertionFailedError: expected: <This name is already used in this program> but was: <Unexpected Token>
	at edu.montana.csci.csci468.parser.CatscriptParserSymbolCheckingTest.varFunctionConflict(CatscriptParserSymbolCheckingTest.java:22)

[ERROR] forVarConflict  Time elapsed: 0 s  <<< FAILURE!
org.opentest4j.AssertionFailedError: expected: <This name is already used in this program> but was: <Unexpected Token>
	at edu.montana.csci.csci468.parser.CatscriptParserSymbolCheckingTest.forVarConflict(CatscriptParserSymbolCheckingTest.java:40)

[INFO] Running edu.montana.csci.csci468.parser.CatscriptParserExpressionsTest
[INFO] Tests run: 29, Failures: 0, Errors: 0, Skipped: 0, Time elapsed: 0.009 s - in edu.montana.csci.csci468.parser.CatscriptParserExpressionsTest
[INFO] 
[INFO] Results:
[INFO] 
[ERROR] Failures: 
[ERROR]   CatscriptParserErrorsTest.returnCoverageErrorsWorks:27->assertError:59 expected: <Missing return statement in function> but was: <Unexpected Token>
[ERROR]   CatscriptParserErrorsTest.topLevelReturnStatementsAreAnError:47->assertError:59 expected: <Return statements must be within a function> but was: <Unexpected Token>
[ERROR]   CatscriptParserSymbolCheckingTest.duplicateVarsErrors:16 expected: <This name is already used in this program> but was: <Unexpected Token>
[ERROR]   CatscriptParserSymbolCheckingTest.forVarConflict:40 expected: <This name is already used in this program> but was: <Unexpected Token>
[ERROR]   CatscriptParserSymbolCheckingTest.functionFunctionConflict:34 expected: <This name is already used in this program> but was: <Unexpected Token>
[ERROR]   CatscriptParserSymbolCheckingTest.functionVarConflict:28 expected: <This name is already used in this program> but was: <Unexpected Token>
[ERROR]   CatscriptParserSymbolCheckingTest.paramsConflictWithGlobalVars:46 expected: <This name is already used in this program> but was: <Unexpected Token>
[ERROR]   CatscriptParserSymbolCheckingTest.varFunctionConflict:22 expected: <This name is already used in this program> but was: <Unexpected Token>
[ERROR]   CatscriptParserTypeCheckingTest.assignmentTypeError:55 expected: <Incompatible types> but was: <Unexpected Token>
[ERROR]   CatscriptParserTypeCheckingTest.returnTypeError:83 expected: <Incompatible types> but was: <Unexpected Token>
[ERROR]   CatscriptParserTypeCheckingTest.varTypeError:50 expected: <Incompatible types> but was: <Unexpected Token>
[ERROR] Errors: 
[ERROR]   CatscriptParserStatementsTest.assigmentStatement:128 ClassCast class edu.monta...
[ERROR]   CatscriptParserStatementsTest.elseStatementEnsuresClosingBrace:68 ClassCast cl...
[ERROR]   CatscriptParserStatementsTest.forStatementEnsuresClosingBrace:36 ClassCast cla...
[ERROR]   CatscriptParserStatementsTest.forStatementParses:27->CatscriptTestBase.parseStatement:41->CatscriptTestBase.parseStatement:45->CatscriptTestBase.parseStatement:56 » ParseError
[ERROR]   CatscriptParserStatementsTest.functionCallStatement:136 ClassCast class edu.mo...
[ERROR]   CatscriptParserStatementsTest.functionDefStatement:144->CatscriptTestBase.parseStatement:41->CatscriptTestBase.parseStatement:45->CatscriptTestBase.parseStatement:56 » ParseError
[ERROR]   CatscriptParserStatementsTest.functionDefWithParamTypesStatement:166->CatscriptTestBase.parseStatement:41->CatscriptTestBase.parseStatement:45->CatscriptTestBase.parseStatement:56 » ParseError
[ERROR]   CatscriptParserStatementsTest.functionDefWithParamsStatement:152->CatscriptTestBase.parseStatement:41->CatscriptTestBase.parseStatement:45->CatscriptTestBase.parseStatement:56 » ParseError
[ERROR]   CatscriptParserStatementsTest.ifStatementEnsuresClosingBrace:52 ClassCast clas...
[ERROR]   CatscriptParserStatementsTest.ifStatementParses:43 ClassCast class edu.montana...
[ERROR]   CatscriptParserStatementsTest.ifStatementWithElseParses:59 ClassCast class edu...
[ERROR]   CatscriptParserStatementsTest.returnStatementExprInFunction:189->CatscriptTestBase.parseStatement:41->CatscriptTestBase.parseStatement:45->CatscriptTestBase.parseStatement:56 » ParseError
[ERROR]   CatscriptParserStatementsTest.returnStatementNoExprInFunction:180->CatscriptTestBase.parseStatement:41->CatscriptTestBase.parseStatement:45->CatscriptTestBase.parseStatement:56 » ParseError
[ERROR]   CatscriptParserStatementsTest.varStatementWithBoolType:92->CatscriptTestBase.parseStatement:41->CatscriptTestBase.parseStatement:45->CatscriptTestBase.parseStatement:56 » ParseError
[ERROR]   CatscriptParserStatementsTest.varStatementWithImplicitType:75->CatscriptTestBase.parseStatement:41->CatscriptTestBase.parseStatement:45->CatscriptTestBase.parseStatement:56 » ParseError
[ERROR]   CatscriptParserStatementsTest.varStatementWithIntType:83->CatscriptTestBase.parseStatement:41->CatscriptTestBase.parseStatement:45->CatscriptTestBase.parseStatement:56 » ParseError
[ERROR]   CatscriptParserStatementsTest.varStatementWithListType:119->CatscriptTestBase.parseStatement:41->CatscriptTestBase.parseStatement:45->CatscriptTestBase.parseStatement:56 » ParseError
[ERROR]   CatscriptParserStatementsTest.varStatementWithObjectType:110->CatscriptTestBase.parseStatement:41->CatscriptTestBase.parseStatement:45->CatscriptTestBase.parseStatement:56 » ParseError
[ERROR]   CatscriptParserStatementsTest.varStatementWithStringType:101->CatscriptTestBase.parseStatement:41->CatscriptTestBase.parseStatement:45->CatscriptTestBase.parseStatement:56 » ParseError
[ERROR]   CatscriptParserSymbolCheckingTest.ifStatementBranchesDoNotConflic:59->CatscriptTestBase.parseStatement:41->CatscriptTestBase.parseStatement:45->CatscriptTestBase.parseStatement:56 » ParseError
[ERROR]   CatscriptParserSymbolCheckingTest.paramsDoNotConflictWithEachOther:52->CatscriptTestBase.parseStatement:41->CatscriptTestBase.parseStatement:45->CatscriptTestBase.parseStatement:56 » ParseError
[ERROR]   CatscriptParserTypeCheckingTest.functionCallsWorkProperly:38->CatscriptTestBase.parseStatement:49->CatscriptTestBase.parseStatement:56 » ParseError
[ERROR]   CatscriptParserTypeCheckingTest.identifiersWorkProperly:32->CatscriptTestBase.parseStatement:49->CatscriptTestBase.parseStatement:56 » ParseError
[ERROR]   CatscriptParserTypeCheckingTest.typeInferenceWorksForVars:44->CatscriptTestBase.parseStatement:41->CatscriptTestBase.parseStatement:45->CatscriptTestBase.parseStatement:56 » ParseError
[INFO] 
[ERROR] Tests run: 72, Failures: 11, Errors: 24, Skipped: 0
[INFO] 
[INFO] ------------------------------------------------------------------------
[INFO] BUILD FAILURE
[INFO] ------------------------------------------------------------------------
[INFO] Total time:  2.839 s
[INFO] Finished at: 2025-03-27T17:25:10-06:00
[INFO] ------------------------------------------------------------------------
[ERROR] Failed to execute goal org.apache.maven.plugins:maven-surefire-plugin:2.22.1:test (default-test) on project csci-468-spring2022: There are test failures.
[ERROR] 
[ERROR] Please refer to /Users/carson/Projects/msu/classes/current/csci-468-spring2025-wrong/grading/scripts/repos/lucas_bega/target/surefire-reports for the individual test results.
[ERROR] Please refer to dump files (if any exist) [date].dump, [date]-jvmRun[N].dump and [date].dumpstream.
[ERROR] -> [Help 1]
[ERROR] 
[ERROR] To see the full stack trace of the errors, re-run Maven with the -e switch.
[ERROR] Re-run Maven using the -X switch to enable full debug logging.
[ERROR] 
[ERROR] For more information about the errors and possible solutions, please read the following articles:
[ERROR] [Help 1] http://cwiki.apache.org/confluence/display/MAVEN/MojoFailureException
